<?xml version="1.0" encoding="UTF-8"?>
<!-- Generated by org.testng.reporters.JUnitXMLReporter -->
<testsuite ignored="0" hostname="LAPTOP-ABS223QL" failures="0" tests="3" name="Test" time="0.068" errors="0" timestamp="2022-06-16T16:37:01 IST">
  <testcase classname="practisejen.UsingDataProviderTest" name="bookticket" time="0.017"/>
  <testcase classname="practisejen.UsingDataProviderTest" name="bookticket" time="0.001"/>
  <testcase classname="practisejen.UsingDataProviderTest" name="bookticket" time="0.001"/>
</testsuite> <!-- Test -->
