<?xml version="1.0" encoding="UTF-8"?>
<testng-results ignored="0" total="3" passed="3" failed="0" skipped="0">
  <reporter-output>
  </reporter-output>
  <suite started-at="2022-06-16T16:37:01 IST" name="Suite" finished-at="2022-06-16T16:37:01 IST" duration-ms="68">
    <groups>
    </groups>
    <test started-at="2022-06-16T16:37:01 IST" name="Test" finished-at="2022-06-16T16:37:01 IST" duration-ms="68">
      <class name="practisejen.UsingDataProviderTest">
        <test-method signature="bookticket(java.lang.String, java.lang.String, java.lang.String)[pri:0, instance:practisejen.UsingDataProviderTest@609db43b]" started-at="2022-06-16T16:37:01 IST" name="bookticket" data-provider="bookTicketDataProvider" finished-at="2022-06-16T16:37:01 IST" duration-ms="17" status="PASS">
          <params>
            <param index="0">
              <value>
                <![CDATA[Bangalore]]>
              </value>
            </param>
            <param index="1">
              <value>
                <![CDATA[Mysore]]>
              </value>
            </param>
            <param index="2">
              <value>
                <![CDATA[10]]>
              </value>
            </param>
          </params>
          <reporter-output>
          </reporter-output>
        </test-method> <!-- bookticket -->
        <test-method signature="bookticket(java.lang.String, java.lang.String, java.lang.String)[pri:0, instance:practisejen.UsingDataProviderTest@609db43b]" started-at="2022-06-16T16:37:01 IST" name="bookticket" data-provider="bookTicketDataProvider" finished-at="2022-06-16T16:37:01 IST" duration-ms="1" status="PASS">
          <params>
            <param index="0">
              <value>
                <![CDATA[Bangalore]]>
              </value>
            </param>
            <param index="1">
              <value>
                <![CDATA[goa]]>
              </value>
            </param>
            <param index="2">
              <value>
                <![CDATA[10]]>
              </value>
            </param>
          </params>
          <reporter-output>
          </reporter-output>
        </test-method> <!-- bookticket -->
        <test-method signature="bookticket(java.lang.String, java.lang.String, java.lang.String)[pri:0, instance:practisejen.UsingDataProviderTest@609db43b]" started-at="2022-06-16T16:37:01 IST" name="bookticket" data-provider="bookTicketDataProvider" finished-at="2022-06-16T16:37:01 IST" duration-ms="1" status="PASS">
          <params>
            <param index="0">
              <value>
                <![CDATA[Mysore]]>
              </value>
            </param>
            <param index="1">
              <value>
                <![CDATA[Kerela]]>
              </value>
            </param>
            <param index="2">
              <value>
                <![CDATA[10]]>
              </value>
            </param>
          </params>
          <reporter-output>
          </reporter-output>
        </test-method> <!-- bookticket -->
      </class> <!-- practisejen.UsingDataProviderTest -->
    </test> <!-- Test -->
  </suite> <!-- Suite -->
</testng-results>
